[debug] [2018-08-09T12:11:16.929Z] ----------------------------------------------------------------------
[debug] [2018-08-09T12:11:16.932Z] Command:       C:\Program Files\nodejs\node.exe C:\Users\59010187\AppData\Roaming\npm\node_modules\firebase-tools\bin\firebase serve --only functions
[debug] [2018-08-09T12:11:16.933Z] CLI Version:   3.19.3
[debug] [2018-08-09T12:11:16.933Z] Platform:      win32
[debug] [2018-08-09T12:11:16.933Z] Node Version:  v8.11.3
[debug] [2018-08-09T12:11:16.934Z] Time:          Thu Aug 09 2018 19:11:16 GMT+0700 (SE Asia Standard Time)
[debug] [2018-08-09T12:11:16.934Z] ----------------------------------------------------------------------
[debug] 
[debug] [2018-08-09T12:11:16.947Z] > command requires scopes: ["email","openid","https://www.googleapis.com/auth/cloudplatformprojects.readonly","https://www.googleapis.com/auth/firebase","https://www.googleapis.com/auth/cloud-platform"]
[debug] [2018-08-09T12:11:16.947Z] > authorizing via signed-in user
[debug] [2018-08-09T12:11:16.950Z] >>> HTTP REQUEST GET https://admin.firebase.com/v1/projects/enjoyneering-fb975  
  
 Thu Aug 09 2018 19:11:16 GMT+0700 (SE Asia Standard Time)
[debug] [2018-08-09T12:11:18.163Z] <<< HTTP RESPONSE 200
[debug] [2018-08-09T12:11:18.163Z] >>> HTTP REQUEST GET https://admin.firebase.com/v1/database/enjoyneering-fb975/tokens  
  
 Thu Aug 09 2018 19:11:18 GMT+0700 (SE Asia Standard Time)
[debug] [2018-08-09T12:11:19.075Z] <<< HTTP RESPONSE 200
[debug] [2018-08-09T12:11:19.076Z] >>> HTTP REQUEST GET https://cloudresourcemanager.googleapis.com/v1/projects/enjoyneering-fb975  
  
 Thu Aug 09 2018 19:11:19 GMT+0700 (SE Asia Standard Time)
[debug] [2018-08-09T12:11:20.529Z] <<< HTTP RESPONSE 200
[info] 
[info] === Serving from 'C:\xampp\htdocs\enjoyneering'...
[info] 
[info] i  functions: Preparing to emulate functions.
[debug] [2018-08-09T12:11:21.709Z] Fetching environment
[debug] [2018-08-09T12:11:21.712Z] >>> HTTP REQUEST GET https://mobilesdk-pa.googleapis.com/v1/projects/246359451764:getServerAppConfig  
  
 Thu Aug 09 2018 19:11:21 GMT+0700 (SE Asia Standard Time)
[debug] [2018-08-09T12:11:22.646Z] <<< HTTP RESPONSE 200
[debug] [2018-08-09T12:11:22.646Z] Starting @google-cloud/functions-emulator
[debug] [2018-08-09T12:11:25.176Z] Parsing function triggers
[info] +  functions: helloWorld: http://localhost:5000/enjoyneering-fb975/us-central1/helloWorld
